<?xml version="1.0" encoding="UTF-8"?>
<testsuite xmlns:xsi="http://www.w3.org/2001/XMLSchema-instance" xsi:noNamespaceSchemaLocation="https://maven.apache.org/surefire/maven-surefire-plugin/xsd/surefire-test-report.xsd" version="3.0.2" name="ec.edu.uees.ucom0310.ReservaServiceTest" time="0.03" tests="3" errors="0" skipped="0" failures="0">
  <properties>
[...]
</properties>
  <testcase name="reservaCanceladaNoPuedeCancelarse" classname="ec.edu.uees.ucom0310.ReservaServiceTest" time="0.01"/>
  <testcase name="reservaConMenosDeDosHorasNoPuedeCancelarse" classname="ec.edu.uees.ucom0310.ReservaServiceTest" time="0.003"/>
  <testcase name="reservaConSuficienteAnticipacionPuedeCancelarse" classname="ec.edu.uees.ucom0310.ReservaServiceTest" time="0.004"/>
</testsuite>